  main.cpp
C:\GL\glad\glad.h(322,1): warning C4005: 'GL_ALL_ATTRIB_BITS': macro redefinition
C:\Program Files (x86)\Windows Kits\10\Include\10.0.19041.0\um\GL\gl.h(107): message : see previous definition of 'GL_ALL_ATTRIB_BITS'
C:\GL\glad\glad.h(410,1): warning C4005: 'GL_LOGIC_OP': macro redefinition
C:\Program Files (x86)\Windows Kits\10\Include\10.0.19041.0\um\GL\gl.h(1152): message : see previous definition of 'GL_LOGIC_OP'
C:\GL\glad\glad.h(494,1): warning C4005: 'GL_TEXTURE_COMPONENTS': macro redefinition
C:\Program Files (x86)\Windows Kits\10\Include\10.0.19041.0\um\GL\gl.h(1153): message : see previous definition of 'GL_TEXTURE_COMPONENTS'
C:\GL\glad\glad.h(588,1): warning C4005: 'GL_CLIENT_ALL_ATTRIB_BITS': macro redefinition
C:\Program Files (x86)\Windows Kits\10\Include\10.0.19041.0\um\GL\gl.h(973): message : see previous definition of 'GL_CLIENT_ALL_ATTRIB_BITS'
C:\Users\blcag\Documents\CMU 2021-2022\15-418\15418RayTracer\15418RayTracerFinal\15418RayTracer\Defined.h(32,12): warning C4244: '=': conversion from 'float' to 'unsigned char', possible loss of data
C:\Users\blcag\Documents\CMU 2021-2022\15-418\15418RayTracer\15418RayTracerFinal\15418RayTracer\Defined.h(33,12): warning C4244: '=': conversion from 'float' to 'unsigned char', possible loss of data
C:\Users\blcag\Documents\CMU 2021-2022\15-418\15418RayTracer\15418RayTracerFinal\15418RayTracer\Defined.h(34,12): warning C4244: '=': conversion from 'float' to 'unsigned char', possible loss of data
C:\Users\blcag\Documents\CMU 2021-2022\15-418\15418RayTracer\15418RayTracerFinal\15418RayTracer\Camera.h(17,10): warning C4244: '=': conversion from 'float' to 'int', possible loss of data
C:\Users\blcag\Documents\CMU 2021-2022\15-418\15418RayTracer\15418RayTracerFinal\15418RayTracer\Camera.h(18,10): warning C4244: '=': conversion from 'float' to 'int', possible loss of data
C:\Users\blcag\Documents\CMU 2021-2022\15-418\15418RayTracer\15418RayTracerFinal\15418RayTracer\main.cpp(191,28): warning C4244: 'argument': conversion from 'float' to 'unsigned char', possible loss of data
C:\Users\blcag\Documents\CMU 2021-2022\15-418\15418RayTracer\15418RayTracerFinal\15418RayTracer\glm\detail\func_matrix.inl(436,77): error C2039: 'call': is not a member of 'glm::detail::compute_inverse<4,3,T,glm::packed_highp,false>'
          with
          [
              T=glm::f32
          ]
C:\Users\blcag\Documents\CMU 2021-2022\15-418\15418RayTracer\15418RayTracerFinal\15418RayTracer\glm\detail\func_matrix.inl(436): message : see declaration of 'glm::detail::compute_inverse<4,3,T,glm::packed_highp,false>'
          with
          [
              T=glm::f32
          ]
C:\Users\blcag\Documents\CMU 2021-2022\15-418\15418RayTracer\15418RayTracerFinal\15418RayTracer\Transform.h(69): message : see reference to function template instantiation 'glm::mat<4,3,glm::f32,glm::packed_highp> glm::inverse<4,3,glm::f32,glm::packed_highp>(const glm::mat<4,3,glm::f32,glm::packed_highp> &)' being compiled
C:\Users\blcag\Documents\CMU 2021-2022\15-418\15418RayTracer\15418RayTracerFinal\15418RayTracer\glm\detail\func_matrix.inl(436,1): error C3861: 'call': identifier not found
  Camera.cpp
C:\Users\blcag\Documents\CMU 2021-2022\15-418\15418RayTracer\15418RayTracerFinal\15418RayTracer\Defined.h(32,12): warning C4244: '=': conversion from 'float' to 'unsigned char', possible loss of data
C:\Users\blcag\Documents\CMU 2021-2022\15-418\15418RayTracer\15418RayTracerFinal\15418RayTracer\Defined.h(33,12): warning C4244: '=': conversion from 'float' to 'unsigned char', possible loss of data
C:\Users\blcag\Documents\CMU 2021-2022\15-418\15418RayTracer\15418RayTracerFinal\15418RayTracer\Defined.h(34,12): warning C4244: '=': conversion from 'float' to 'unsigned char', possible loss of data
C:\Users\blcag\Documents\CMU 2021-2022\15-418\15418RayTracer\15418RayTracerFinal\15418RayTracer\Camera.h(17,10): warning C4244: '=': conversion from 'float' to 'int', possible loss of data
C:\Users\blcag\Documents\CMU 2021-2022\15-418\15418RayTracer\15418RayTracerFinal\15418RayTracer\Camera.h(18,10): warning C4244: '=': conversion from 'float' to 'int', possible loss of data
C:\Users\blcag\Documents\CMU 2021-2022\15-418\15418RayTracer\15418RayTracerFinal\15418RayTracer\glm\detail\func_matrix.inl(436,77): error C2039: 'call': is not a member of 'glm::detail::compute_inverse<4,3,T,glm::packed_highp,false>'
          with
          [
              T=glm::f32
          ]
C:\Users\blcag\Documents\CMU 2021-2022\15-418\15418RayTracer\15418RayTracerFinal\15418RayTracer\glm\detail\func_matrix.inl(436): message : see declaration of 'glm::detail::compute_inverse<4,3,T,glm::packed_highp,false>'
          with
          [
              T=glm::f32
          ]
C:\Users\blcag\Documents\CMU 2021-2022\15-418\15418RayTracer\15418RayTracerFinal\15418RayTracer\Transform.h(69): message : see reference to function template instantiation 'glm::mat<4,3,glm::f32,glm::packed_highp> glm::inverse<4,3,glm::f32,glm::packed_highp>(const glm::mat<4,3,glm::f32,glm::packed_highp> &)' being compiled
C:\Users\blcag\Documents\CMU 2021-2022\15-418\15418RayTracer\15418RayTracerFinal\15418RayTracer\glm\detail\func_matrix.inl(436,1): error C3861: 'call': identifier not found
  Object.cpp
C:\Users\blcag\Documents\CMU 2021-2022\15-418\15418RayTracer\15418RayTracerFinal\15418RayTracer\Defined.h(32,12): warning C4244: '=': conversion from 'float' to 'unsigned char', possible loss of data
C:\Users\blcag\Documents\CMU 2021-2022\15-418\15418RayTracer\15418RayTracerFinal\15418RayTracer\Defined.h(33,12): warning C4244: '=': conversion from 'float' to 'unsigned char', possible loss of data
C:\Users\blcag\Documents\CMU 2021-2022\15-418\15418RayTracer\15418RayTracerFinal\15418RayTracer\Defined.h(34,12): warning C4244: '=': conversion from 'float' to 'unsigned char', possible loss of data
C:\Users\blcag\Documents\CMU 2021-2022\15-418\15418RayTracer\15418RayTracerFinal\15418RayTracer\Object.cpp(33,25): warning C4244: '=': conversion from 'const _Ty' to 'float', possible loss of data
          with
          [
              _Ty=double
          ]
C:\Users\blcag\Documents\CMU 2021-2022\15-418\15418RayTracer\15418RayTracerFinal\15418RayTracer\Object.cpp(65,19): warning C4244: '=': conversion from 'const _Ty' to 'float', possible loss of data
          with
          [
              _Ty=double
          ]
C:\Users\blcag\Documents\CMU 2021-2022\15-418\15418RayTracer\15418RayTracerFinal\15418RayTracer\glm\detail\func_matrix.inl(436,77): error C2039: 'call': is not a member of 'glm::detail::compute_inverse<4,3,T,glm::packed_highp,false>'
          with
          [
              T=glm::f32
          ]
C:\Users\blcag\Documents\CMU 2021-2022\15-418\15418RayTracer\15418RayTracerFinal\15418RayTracer\glm\detail\func_matrix.inl(436): message : see declaration of 'glm::detail::compute_inverse<4,3,T,glm::packed_highp,false>'
          with
          [
              T=glm::f32
          ]
C:\Users\blcag\Documents\CMU 2021-2022\15-418\15418RayTracer\15418RayTracerFinal\15418RayTracer\Transform.h(69): message : see reference to function template instantiation 'glm::mat<4,3,glm::f32,glm::packed_highp> glm::inverse<4,3,glm::f32,glm::packed_highp>(const glm::mat<4,3,glm::f32,glm::packed_highp> &)' being compiled
C:\Users\blcag\Documents\CMU 2021-2022\15-418\15418RayTracer\15418RayTracerFinal\15418RayTracer\glm\detail\func_matrix.inl(436,1): error C3861: 'call': identifier not found
  Ray.cpp
C:\Users\blcag\Documents\CMU 2021-2022\15-418\15418RayTracer\15418RayTracerFinal\15418RayTracer\Defined.h(32,12): warning C4244: '=': conversion from 'float' to 'unsigned char', possible loss of data
C:\Users\blcag\Documents\CMU 2021-2022\15-418\15418RayTracer\15418RayTracerFinal\15418RayTracer\Defined.h(33,12): warning C4244: '=': conversion from 'float' to 'unsigned char', possible loss of data
C:\Users\blcag\Documents\CMU 2021-2022\15-418\15418RayTracer\15418RayTracerFinal\15418RayTracer\Defined.h(34,12): warning C4244: '=': conversion from 'float' to 'unsigned char', possible loss of data
C:\Users\blcag\Documents\CMU 2021-2022\15-418\15418RayTracer\15418RayTracerFinal\15418RayTracer\glm\detail\func_matrix.inl(436,77): error C2039: 'call': is not a member of 'glm::detail::compute_inverse<4,3,T,glm::packed_highp,false>'
          with
          [
              T=glm::f32
          ]
C:\Users\blcag\Documents\CMU 2021-2022\15-418\15418RayTracer\15418RayTracerFinal\15418RayTracer\glm\detail\func_matrix.inl(436): message : see declaration of 'glm::detail::compute_inverse<4,3,T,glm::packed_highp,false>'
          with
          [
              T=glm::f32
          ]
C:\Users\blcag\Documents\CMU 2021-2022\15-418\15418RayTracer\15418RayTracerFinal\15418RayTracer\Transform.h(69): message : see reference to function template instantiation 'glm::mat<4,3,glm::f32,glm::packed_highp> glm::inverse<4,3,glm::f32,glm::packed_highp>(const glm::mat<4,3,glm::f32,glm::packed_highp> &)' being compiled
C:\Users\blcag\Documents\CMU 2021-2022\15-418\15418RayTracer\15418RayTracerFinal\15418RayTracer\glm\detail\func_matrix.inl(436,1): error C3861: 'call': identifier not found
  Scene.cpp
C:\Users\blcag\Documents\CMU 2021-2022\15-418\15418RayTracer\15418RayTracerFinal\15418RayTracer\Defined.h(32,12): warning C4244: '=': conversion from 'float' to 'unsigned char', possible loss of data
C:\Users\blcag\Documents\CMU 2021-2022\15-418\15418RayTracer\15418RayTracerFinal\15418RayTracer\Defined.h(33,12): warning C4244: '=': conversion from 'float' to 'unsigned char', possible loss of data
C:\Users\blcag\Documents\CMU 2021-2022\15-418\15418RayTracer\15418RayTracerFinal\15418RayTracer\Defined.h(34,12): warning C4244: '=': conversion from 'float' to 'unsigned char', possible loss of data
C:\Users\blcag\Documents\CMU 2021-2022\15-418\15418RayTracer\15418RayTracerFinal\15418RayTracer\Camera.h(17,10): warning C4244: '=': conversion from 'float' to 'int', possible loss of data
C:\Users\blcag\Documents\CMU 2021-2022\15-418\15418RayTracer\15418RayTracerFinal\15418RayTracer\Camera.h(18,10): warning C4244: '=': conversion from 'float' to 'int', possible loss of data
C:\Users\blcag\Documents\CMU 2021-2022\15-418\15418RayTracer\15418RayTracerFinal\15418RayTracer\Scene.cpp(59,58): warning C4244: 'initializing': conversion from 'float' to 'size_t', possible loss of data
C:\Users\blcag\Documents\CMU 2021-2022\15-418\15418RayTracer\15418RayTracerFinal\15418RayTracer\Scene.cpp(64,35): warning C4244: 'argument': conversion from 'float' to 'int', possible loss of data
C:\Users\blcag\Documents\CMU 2021-2022\15-418\15418RayTracer\15418RayTracerFinal\15418RayTracer\Scene.cpp(81,40): warning C4244: '/=': conversion from 'float' to 'unsigned char', possible loss of data
C:\Users\blcag\Documents\CMU 2021-2022\15-418\15418RayTracer\15418RayTracerFinal\15418RayTracer\Scene.cpp(82,40): warning C4244: '/=': conversion from 'float' to 'unsigned char', possible loss of data
C:\Users\blcag\Documents\CMU 2021-2022\15-418\15418RayTracer\15418RayTracerFinal\15418RayTracer\Scene.cpp(83,40): warning C4244: '/=': conversion from 'float' to 'unsigned char', possible loss of data
C:\Users\blcag\Documents\CMU 2021-2022\15-418\15418RayTracer\15418RayTracerFinal\15418RayTracer\glm\detail\func_matrix.inl(436,77): error C2039: 'call': is not a member of 'glm::detail::compute_inverse<4,3,T,glm::packed_highp,false>'
          with
          [
              T=glm::f32
          ]
C:\Users\blcag\Documents\CMU 2021-2022\15-418\15418RayTracer\15418RayTracerFinal\15418RayTracer\glm\detail\func_matrix.inl(436): message : see declaration of 'glm::detail::compute_inverse<4,3,T,glm::packed_highp,false>'
          with
          [
              T=glm::f32
          ]
C:\Users\blcag\Documents\CMU 2021-2022\15-418\15418RayTracer\15418RayTracerFinal\15418RayTracer\Transform.h(69): message : see reference to function template instantiation 'glm::mat<4,3,glm::f32,glm::packed_highp> glm::inverse<4,3,glm::f32,glm::packed_highp>(const glm::mat<4,3,glm::f32,glm::packed_highp> &)' being compiled
C:\Users\blcag\Documents\CMU 2021-2022\15-418\15418RayTracer\15418RayTracerFinal\15418RayTracer\glm\detail\func_matrix.inl(436,1): error C3861: 'call': identifier not found
  Transform.cpp
C:\Users\blcag\Documents\CMU 2021-2022\15-418\15418RayTracer\15418RayTracerFinal\15418RayTracer\Defined.h(32,12): warning C4244: '=': conversion from 'float' to 'unsigned char', possible loss of data
C:\Users\blcag\Documents\CMU 2021-2022\15-418\15418RayTracer\15418RayTracerFinal\15418RayTracer\Defined.h(33,12): warning C4244: '=': conversion from 'float' to 'unsigned char', possible loss of data
C:\Users\blcag\Documents\CMU 2021-2022\15-418\15418RayTracer\15418RayTracerFinal\15418RayTracer\Defined.h(34,12): warning C4244: '=': conversion from 'float' to 'unsigned char', possible loss of data
C:\Users\blcag\Documents\CMU 2021-2022\15-418\15418RayTracer\15418RayTracerFinal\15418RayTracer\glm\detail\func_matrix.inl(436,77): error C2039: 'call': is not a member of 'glm::detail::compute_inverse<4,3,T,glm::packed_highp,false>'
          with
          [
              T=glm::f32
          ]
C:\Users\blcag\Documents\CMU 2021-2022\15-418\15418RayTracer\15418RayTracerFinal\15418RayTracer\glm\detail\func_matrix.inl(436): message : see declaration of 'glm::detail::compute_inverse<4,3,T,glm::packed_highp,false>'
          with
          [
              T=glm::f32
          ]
C:\Users\blcag\Documents\CMU 2021-2022\15-418\15418RayTracer\15418RayTracerFinal\15418RayTracer\Transform.h(69): message : see reference to function template instantiation 'glm::mat<4,3,glm::f32,glm::packed_highp> glm::inverse<4,3,glm::f32,glm::packed_highp>(const glm::mat<4,3,glm::f32,glm::packed_highp> &)' being compiled
C:\Users\blcag\Documents\CMU 2021-2022\15-418\15418RayTracer\15418RayTracerFinal\15418RayTracer\glm\detail\func_matrix.inl(436,1): error C3861: 'call': identifier not found
  Generating Code...
